DCV5: 28.5529930179
DCV3: 20.7233312933
DCH4: -18.3191653818
DCH3: -13.0347129323
DCV4: 9.23961407989
DCH5: 12.533390472
DCV5: 10.115081562
DCV3: 11.1474893176
DCH4: -1.07804802251
DCH3: -19.2678707373
DCV4: -8.95121173497
DCH5: -12.2116650532
DCV5: 5.93466415798
DCV3: 10.5429664205
DCH4: 1.22368758519
DCH3: -18.2632550331
DCV4: -7.05074902456
DCH5: -8.90924526331
DCV5: 32.1557017667
DCV3: 16.4812562027
DCH4: -39.2477851133
DCH3: 9.00996439335
DCV4: 25.0450884304
DCH5: -16.6449272891
DCV5: 32.6343509635
DCV3: 16.0510981255
DCH2: -9.45280618832
DCH4: -37.1854641541
DCH3: 4.58227723736
DCV4: 1.7750240477
DCH5: -10.1953929917
DCV2: -23.0655842768
DCV5: -92.3429974897
DCV2: -32.7368036471
DCH3: 9.48030676036
DCH5: -44.2822962183
DCV4: -48.225585565
DCH1: -28.2663701257
DCH2: 42.0050310496
DCH4: 24.8177873692
DCV1: -32.4174432473
DCV3: 46.0225876438
DCV5: -9.88460543406
DCV2: -13.2229708144
DCH3: 48.5640731203
DCH5: -6.49958115508
DCV4: 41.9180458235
DCH1: -15.1891803548
DCH2: 40.0816833195
DCH4: 10.3111788452
DCV1: -23.3439855926
DCV3: 51.5725356157
DCV5: 0.451013051392
DCV2: -20.9626633292
DCH3: 41.1299313667
DCH5: -9.75780701823
DCV4: 35.9646305573
DCH1: -11.6954718892
DCH2: 34.0844428676
DCH4: -15.7413212857
DCV1: -27.650515762
DCV3: 25.0881370652
DCV2: -41.4647297277
DCH3: 17.6189471238
DCH1: -9.77476720011
DCH2: 74.6057980382
DCV1: -29.1309349661
DCV3: 84.2374365457
DCV2: -23.190223717
DCH3: 38.3046512358
DCH1: -7.65382307059
DCH2: 70.3776283755
DCV1: -21.0128882209
DCV3: 82.6928691683
DCV6: 9.05104712217
DCV1: 1.8741998185
DCH6: -2.81283804691
DCH5: 9.95856785508
DCH3: 4.06371263724
DCV7: -31.0915899517
DCH7: 9.74964012958
DCH1: 9.57476061468
DCV2: 0.278649842299
DCV4: -3.87552859912
DCV3: -1.96683053267
DCH4: -1.16332139759
DCV5: -10.4846549113
DCH2: -2.87125450501
DCV6: -4.66866265468
DCV1: -7.12348133691
DCH6: -1.80125027187
DCH5: 0.377935133556
DCH3: -9.0802320294
DCV7: -3.49391483454
DCH7: -4.06501934886
DCH1: -0.668262086905
DCV2: 2.18960820592
DCV4: -3.53839220231
DCV3: 0.945261444252
DCH4: 2.85489622469
DCV5: 1.32213127569
DCH2: 11.4324857111
DCV6: -6.66345677337
DCV1: -5.2672024707
DCH6: -2.24690911357
DCH5: -1.18910834238
DCH3: -6.06706587508
DCV7: -5.61320423001
DCH7: -4.18163218081
DCH1: 0.0541150947837
DCV2: 0.34479662178
DCV4: 1.84047896658
DCV3: 0.0265161988026
DCH4: 1.35701593514
DCV5: 2.10366355759
DCH2: 8.87328966223
DCV6: -0.824307984764
DCV1: 10.1268325248
DCH6: -3.7870043282
DCH5: 7.44657661153
DCH3: -7.49774946758
DCV7: 9.0120671307
DCH7: -9.9148155708
DCH1: -0.96816035836
DCV2: -7.43952125011
DCV4: -12.1817349519
DCV3: -1.46538394375
DCH4: 7.20131888111
DCV5: 4.04169745944
DCH2: 9.38066011034
DCV6: -5.31931009151
DCV1: -1.41720130034
DCH6: -1.88760484028
DCH5: 1.26990440941
DCH3: 3.76736255147
DCV7: -2.05313927391
DCH7: -3.2202148431
DCH1: -5.4902338208
DCV2: -1.80723672238
DCV4: -2.46548893897
DCV3: -2.41429458244
DCH4: 1.81943823558
DCV5: -0.251402544557
DCH2: 6.64175528806
DCV6: -4.9928641514
DCV1: -0.707149872178
DCH6: -0.60447530758
DCH5: 2.06620602465
DCH3: 1.65172032799
DCV7: -4.37995005915
DCH7: -1.64223339172
DCH1: -4.88633524848
DCV2: -1.88491616144
DCV4: -1.90364725728
DCV3: -2.51509889742
DCH4: 3.67430851846
DCV5: -2.03043384694
DCH2: 6.77802437564
DCV6: -1.90166676009
DCV1: -4.8500146136
DCH6: -0.059921558875
DCH5: 21.2608215744
DCH3: 10.4275325185
DCV7: -45.3874431592
DCH7: 9.11638757031
DCH1: -8.56646926127
DCV2: -7.93168749373
DCV4: -9.33002596286
DCV3: 21.6922634547
DCH4: -1.3779337668
DCV5: -14.6617096056
DCH2: 3.27472003561
DCV6: -4.11566097974
DCV1: 0.900762747525
DCH6: -0.903844071174
DCH5: 3.31535572632
DCH3: 1.04839481061
DCV7: -3.52707156754
DCH7: -0.952030391151
DCH1: -3.86132335901
DCV2: -0.571002426346
DCV4: -5.08229811892
DCV3: 2.23110716384
DCH4: 0.150640645922
DCV5: -3.00300888153
DCH2: 6.96209660901
